Using pre-set license

 COMMAND LINE ARGUMENTS:
/Applications/Unity/Hub/Editor/2021.1.11f1/Unity.app/Contents/MacOS/Unity
-adb2
-batchMode
-noUpm
-name
AssetImportWorker0
-projectPath
/Users/timpie/Desktop/Git/Pigger
-logFile
Logs/AssetImportWorker0.log
-srvPort
51593
Successfully changed project path to: /Users/timpie/Desktop/Git/Pigger
/Users/timpie/Desktop/Git/Pigger
Using Asset Import Pipeline V2.
Refreshing native plugins compatible for Editor in 113.47 ms, found 3 plugins.
Preloading 0 native plugins for Editor in 0.00 ms.
Initialize engine version: 2021.1.11f1 (4d8c25f7477e)
[Subsystems] Discovering subsystems at path /Applications/Unity/Hub/Editor/2021.1.11f1/Unity.app/Contents/Resources/UnitySubsystems
[Subsystems] Discovering subsystems at path /Users/timpie/Desktop/Git/Pigger/Assets
GfxDevice: creating device client; threaded=0; jobified=0
2021-08-30 20:38:24.703 Unity[21129:760746] Color LCD preferred device: Intel(R) UHD Graphics 630 (low power)
2021-08-30 20:38:24.703 Unity[21129:760746] Metal devices available: 2
2021-08-30 20:38:24.703 Unity[21129:760746] 0: AMD Radeon Pro 5500M (high power)
2021-08-30 20:38:24.703 Unity[21129:760746] 1: Intel(R) UHD Graphics 630 (low power)
2021-08-30 20:38:24.704 Unity[21129:760746] Using device AMD Radeon Pro 5500M (high power)
Initializing Metal device caps: AMD Radeon Pro 5500M
Initialize mono
Mono path[0] = '/Applications/Unity/Hub/Editor/2021.1.11f1/Unity.app/Contents/Managed'
Mono path[1] = '/Applications/Unity/Hub/Editor/2021.1.11f1/Unity.app/Contents/MonoBleedingEdge/lib/mono/unityjit'
Mono config path = '/Applications/Unity/Hub/Editor/2021.1.11f1/Unity.app/Contents/MonoBleedingEdge/etc'
Using monoOptions --debugger-agent=transport=dt_socket,embedding=1,server=y,suspend=n,address=127.0.0.1:56129
Begin MonoManager ReloadAssembly
Registering precompiled unity dll's ...
Register platform support module: /Applications/Unity/Hub/Editor/2021.1.11f1/Unity.app/Contents/PlaybackEngines/MacStandaloneSupport/UnityEditor.OSXStandalone.Extensions.dll
Registered in 0.001139 seconds.
Native extension for OSXStandalone target not found
Refreshing native plugins compatible for Editor in 116.05 ms, found 3 plugins.
Preloading 0 native plugins for Editor in 0.00 ms.
Mono: successfully reloaded assembly
- Completed reload, in  3.478 seconds
Domain Reload Profiling:
	ReloadAssembly (3478ms)
		BeginReloadAssembly (46ms)
			ExecutionOrderSort (0ms)
			DisableScriptedObjects (0ms)
			BackupInstance (0ms)
			ReleaseScriptingObjects (0ms)
			CreateAndSetChildDomain (1ms)
		EndReloadAssembly (657ms)
			LoadAssemblies (46ms)
			RebuildTransferFunctionScriptingTraits (0ms)
			SetupTypeCache (250ms)
			ReleaseScriptCaches (0ms)
			RebuildScriptCaches (47ms)
			SetupLoadedEditorAssemblies (300ms)
				LogAssemblyErrors (0ms)
				InitializePlatformSupportModulesInManaged (7ms)
				SetLoadedEditorAssemblies (0ms)
				RefreshPlugins (116ms)
				BeforeProcessingInitializeOnLoad (2ms)
				ProcessInitializeOnLoadAttributes (136ms)
				ProcessInitializeOnLoadMethodAttributes (39ms)
				AfterProcessingInitializeOnLoad (0ms)
				EditorAssembliesLoaded (0ms)
			ExecutionOrderSort2 (0ms)
			AwakeInstancesAfterBackupRestoration (0ms)
Platform modules already initialized, skipping
Registering precompiled user dll's ...
Registered in 0.008583 seconds.
Begin MonoManager ReloadAssembly
Symbol file LoadedFromMemory doesn't match image /Users/timpie/Desktop/Git/Pigger/Library/PackageCache/com.unity.visualscripting@1.6.1/Editor/VisualScripting.Core/Dependencies/YamlDotNet/Unity.VisualScripting.YamlDotNet.dll
Symbol file LoadedFromMemory doesn't match image /Users/timpie/Desktop/Git/Pigger/Library/PackageCache/com.unity.visualscripting@1.6.1/Editor/VisualScripting.Core/Dependencies/DotNetZip/Unity.VisualScripting.IonicZip.dll
Native extension for OSXStandalone target not found
Refreshing native plugins compatible for Editor in 116.15 ms, found 3 plugins.
Preloading 0 native plugins for Editor in 0.00 ms.
Mono: successfully reloaded assembly
- Completed reload, in  1.841 seconds
Domain Reload Profiling:
	ReloadAssembly (1842ms)
		BeginReloadAssembly (189ms)
			ExecutionOrderSort (0ms)
			DisableScriptedObjects (6ms)
			BackupInstance (0ms)
			ReleaseScriptingObjects (0ms)
			CreateAndSetChildDomain (37ms)
		EndReloadAssembly (1577ms)
			LoadAssemblies (134ms)
			RebuildTransferFunctionScriptingTraits (0ms)
			SetupTypeCache (546ms)
			ReleaseScriptCaches (1ms)
			RebuildScriptCaches (89ms)
			SetupLoadedEditorAssemblies (658ms)
				LogAssemblyErrors (0ms)
				InitializePlatformSupportModulesInManaged (4ms)
				SetLoadedEditorAssemblies (0ms)
				RefreshPlugins (116ms)
				BeforeProcessingInitializeOnLoad (92ms)
				ProcessInitializeOnLoadAttributes (423ms)
				ProcessInitializeOnLoadMethodAttributes (20ms)
				AfterProcessingInitializeOnLoad (2ms)
				EditorAssembliesLoaded (0ms)
			ExecutionOrderSort2 (0ms)
			AwakeInstancesAfterBackupRestoration (10ms)
Platform modules already initialized, skipping
========================================================================
Worker process is ready to serve import requests
Launching external process: /Applications/Unity/Hub/Editor/2021.1.11f1/Unity.app/Contents/Tools/UnityShaderCompiler
Launched and connected shader compiler UnityShaderCompiler after 0.02 seconds
Refreshing native plugins compatible for Editor in 0.75 ms, found 3 plugins.
Preloading 0 native plugins for Editor in 0.00 ms.
Unloading 3669 Unused Serialized files (Serialized files now loaded: 0)
System memory in use before: 232.5 MB.
System memory in use after: 232.6 MB.

Unloading 37 unused Assets to reduce memory usage. Loaded Objects now: 4113.
Total: 3.410337 ms (FindLiveObjects: 0.340260 ms CreateObjectMapping: 0.216491 ms MarkObjects: 2.725034 ms  DeleteObjects: 0.127345 ms)

AssetImportParameters requested are different than current active one (requested -> active):
  custom:video-decoder-ogg-theora: a1e56fd34408186e4bbccfd4996cb3dc -> 
  custom:container-muxer-webm: aa71ff27fc2769a1b78a27578f13a17b -> 
  custom:container-demuxer-webm: 4f35f7cbe854078d1ac9338744f61a02 -> 
  custom:container-demuxer-ogg: 62fdf1f143b41e24485cea50d1cbac27 -> 
  custom:video-encoder-webm-vp8: eb34c28f22e8b96e1ab97ce403110664 -> 
  custom:framework-osx-AVFoundation: e770b220cccbd017edd2c1fefb359320 -> 
  custom:video-decoder-webm-vp8: 9c59270c3fd7afecdb556c50c9e8de78 -> 
  custom:audio-decoder-ogg-vorbis: bf7c407c2cedff20999df2af8eb42d56 -> 
  custom:audio-encoder-webm-vorbis: bf7c407c2cedff20999df2af8eb42d56 -> 
========================================================================
Received Import Request.
  path: Assets/UI & Prefab/pig.png
  artifactKey: Guid(88a018d6bceef49dcac6c0ae0eca74e7) Importer(815301076,1909f56bfc062723c751e8b465ee728b)
Start importing Assets/UI & Prefab/pig.png using Guid(88a018d6bceef49dcac6c0ae0eca74e7) Importer(815301076,1909f56bfc062723c751e8b465ee728b)  -> (artifact id: '05d8d6347d97935e586b36e3689ff874') in 1.380667 seconds 
========================================================================
Received Import Request.
  Time since last request: 0.000186 seconds.
  path: Assets/UI & Prefab/level.png
  artifactKey: Guid(5b423efda26c9495ca06fabef1ff9120) Importer(815301076,1909f56bfc062723c751e8b465ee728b)
Start importing Assets/UI & Prefab/level.png using Guid(5b423efda26c9495ca06fabef1ff9120) Importer(815301076,1909f56bfc062723c751e8b465ee728b)  -> (artifact id: '6d33788e6b2b7e71d18f9edea5714254') in 0.023735 seconds 
========================================================================
Received Import Request.
  Time since last request: 0.000251 seconds.
  path: Assets/UI & Prefab/dog.png
  artifactKey: Guid(eba5b20d2a53b4417b32967181fd9aa0) Importer(815301076,1909f56bfc062723c751e8b465ee728b)
Start importing Assets/UI & Prefab/dog.png using Guid(eba5b20d2a53b4417b32967181fd9aa0) Importer(815301076,1909f56bfc062723c751e8b465ee728b)  -> (artifact id: '775abd1a698ff0e90e5609a59e179788') in 0.066239 seconds 
========================================================================
Received Import Request.
  Time since last request: 0.000161 seconds.
  path: Assets/UI & Prefab/farmer_angry.png
  artifactKey: Guid(f4354757b35bd48ec9b211c8c5a7f95c) Importer(815301076,1909f56bfc062723c751e8b465ee728b)
Start importing Assets/UI & Prefab/farmer_angry.png using Guid(f4354757b35bd48ec9b211c8c5a7f95c) Importer(815301076,1909f56bfc062723c751e8b465ee728b)  -> (artifact id: 'f98a8600f36df22f7abb6ba5d8fa76ca') in 0.034365 seconds 
========================================================================
Received Import Request.
  Time since last request: 0.000153 seconds.
  path: Assets/UI & Prefab/dog_angry.png
  artifactKey: Guid(0de2b0981a31d407f97ceccba4db64f5) Importer(815301076,1909f56bfc062723c751e8b465ee728b)
Start importing Assets/UI & Prefab/dog_angry.png using Guid(0de2b0981a31d407f97ceccba4db64f5) Importer(815301076,1909f56bfc062723c751e8b465ee728b)  -> (artifact id: 'd3c707f6f62f991d87b6958d3c846b99') in 0.070978 seconds 
========================================================================
Received Import Request.
  Time since last request: 0.000228 seconds.
  path: Assets/UI & Prefab/grid.png
  artifactKey: Guid(4f8f5b49367db4c9f90d6c48bd13bf27) Importer(815301076,1909f56bfc062723c751e8b465ee728b)
Start importing Assets/UI & Prefab/grid.png using Guid(4f8f5b49367db4c9f90d6c48bd13bf27) Importer(815301076,1909f56bfc062723c751e8b465ee728b)  -> (artifact id: 'f6d51e219a166782ba27db54442efbea') in 0.019696 seconds 
========================================================================
Received Import Request.
  Time since last request: 0.000270 seconds.
  path: Assets/UI & Prefab/stone.png
  artifactKey: Guid(a790ca7c85b6c4973867f443045c6c74) Importer(815301076,1909f56bfc062723c751e8b465ee728b)
Start importing Assets/UI & Prefab/stone.png using Guid(a790ca7c85b6c4973867f443045c6c74) Importer(815301076,1909f56bfc062723c751e8b465ee728b)  -> (artifact id: '9b4730cbec8b3c0b681115153d10edf8') in 0.011587 seconds 
========================================================================
Received Import Request.
  Time since last request: 0.000219 seconds.
  path: Assets/UI & Prefab/farmer_dirty.png
  artifactKey: Guid(3b2e111569abf4af6957b7ff55e39171) Importer(815301076,1909f56bfc062723c751e8b465ee728b)
Start importing Assets/UI & Prefab/farmer_dirty.png using Guid(3b2e111569abf4af6957b7ff55e39171) Importer(815301076,1909f56bfc062723c751e8b465ee728b)  -> (artifact id: 'c73adab2b68754b8fb0fbd8b42b8849c') in 0.036559 seconds 
========================================================================
Received Import Request.
  Time since last request: 0.000221 seconds.
  path: Assets/UI & Prefab/bomb.png
  artifactKey: Guid(5f89b249b6934438aa3a1faedc5b8159) Importer(815301076,1909f56bfc062723c751e8b465ee728b)
Start importing Assets/UI & Prefab/bomb.png using Guid(5f89b249b6934438aa3a1faedc5b8159) Importer(815301076,1909f56bfc062723c751e8b465ee728b)  -> (artifact id: '239961aefc64d50d659df4d80ca6de8a') in 0.010255 seconds 
========================================================================
Received Import Request.
  Time since last request: 0.000182 seconds.
  path: Assets/UI & Prefab/farmer.png
  artifactKey: Guid(bf796e45d89874d91bb7456789beef6e) Importer(815301076,1909f56bfc062723c751e8b465ee728b)
Start importing Assets/UI & Prefab/farmer.png using Guid(bf796e45d89874d91bb7456789beef6e) Importer(815301076,1909f56bfc062723c751e8b465ee728b)  -> (artifact id: 'be9b4d92370ed588d29b4322f5013452') in 0.061394 seconds 
========================================================================
Received Import Request.
  Time since last request: 0.000366 seconds.
  path: Assets/UI & Prefab/dog_dirty.png
  artifactKey: Guid(2e247fbb306fc42049a9d81d19083998) Importer(815301076,1909f56bfc062723c751e8b465ee728b)
Start importing Assets/UI & Prefab/dog_dirty.png using Guid(2e247fbb306fc42049a9d81d19083998) Importer(815301076,1909f56bfc062723c751e8b465ee728b)  -> (artifact id: 'b1373b3fe7a41b6fad52598dbbf17355') in 0.051080 seconds 
========================================================================
Received Prepare
Refreshing native plugins compatible for Editor in 15.33 ms, found 3 plugins.
Preloading 0 native plugins for Editor in 0.00 ms.
Unloading 23 Unused Serialized files (Serialized files now loaded: 0)
System memory in use before: 170.5 MB.
System memory in use after: 170.7 MB.

Unloading 23 unused Assets to reduce memory usage. Loaded Objects now: 4161.
Total: 3.579762 ms (FindLiveObjects: 0.297011 ms CreateObjectMapping: 0.179012 ms MarkObjects: 2.976806 ms  DeleteObjects: 0.126299 ms)

AssetImportParameters requested are different than current active one (requested -> active):
  custom:video-decoder-ogg-theora: a1e56fd34408186e4bbccfd4996cb3dc -> 
  custom:container-muxer-webm: aa71ff27fc2769a1b78a27578f13a17b -> 
  custom:container-demuxer-webm: 4f35f7cbe854078d1ac9338744f61a02 -> 
  custom:container-demuxer-ogg: 62fdf1f143b41e24485cea50d1cbac27 -> 
  custom:video-encoder-webm-vp8: eb34c28f22e8b96e1ab97ce403110664 -> 
  custom:framework-osx-AVFoundation: e770b220cccbd017edd2c1fefb359320 -> 
  custom:video-decoder-webm-vp8: 9c59270c3fd7afecdb556c50c9e8de78 -> 
  custom:audio-decoder-ogg-vorbis: bf7c407c2cedff20999df2af8eb42d56 -> 
  custom:audio-encoder-webm-vorbis: bf7c407c2cedff20999df2af8eb42d56 -> 
